# JRE version: OpenJDK Runtime Environment (11.0.10+9) (build 11.0.10+9-Ubuntu-0ubuntu1.20.04)
# Java VM: OpenJDK 64-Bit Server VM (11.0.10+9-Ubuntu-0ubuntu1.20.04, mixed mode, sharing, tiered, compressed oops, parallel gc, linux-amd64)
Heap:
 PSYoungGen      total 7168K, used 2356K [0x00000000eab00000, 0x00000000eb500000, 0x0000000100000000)
  eden space 6656K, 32% used [0x00000000eab00000,0x00000000ead1d240,0x00000000eb180000)
  from space 512K, 37% used [0x00000000eb480000,0x00000000eb4b0000,0x00000000eb500000)
  to   space 1536K, 0% used [0x00000000eb200000,0x00000000eb200000,0x00000000eb380000)
 ParOldGen       total 135168K, used 124784K [0x00000000c0000000, 0x00000000c8400000, 0x00000000eab00000)
  object space 135168K, 92% used [0x00000000c0000000,0x00000000c79dc0e8,0x00000000c8400000)
 Metaspace       used 72764K, capacity 76275K, committed 76632K, reserved 1118208K
  class space    used 6678K, capacity 7904K, committed 8024K, reserved 1048576K
GC Heap History (20 events):
Event: 4355,286 GC heap before
{Heap before GC invocations=3660 (full 124):
 PSYoungGen      total 13824K, used 8192K [0x00000000eab00000, 0x00000000ebe00000, 0x0000000100000000)
  eden space 8192K, 100% used [0x00000000eab00000,0x00000000eb300000,0x00000000eb300000)
  from space 5632K, 0% used [0x00000000eb880000,0x00000000eb880000,0x00000000ebe00000)
  to   space 5632K, 0% used [0x00000000eb300000,0x00000000eb300000,0x00000000eb880000)
 ParOldGen       total 135168K, used 111957K [0x00000000c0000000, 0x00000000c8400000, 0x00000000eab00000)
  object space 135168K, 82% used [0x00000000c0000000,0x00000000c6d55730,0x00000000c8400000)
 Metaspace       used 72758K, capacity 76275K, committed 76632K, reserved 1118208K
  class space    used 6678K, capacity 7904K, committed 8024K, reserved 1048576K
}
Event: 4355,291 GC heap after
{Heap after GC invocations=3660 (full 124):
 PSYoungGen      total 10240K, used 1760K [0x00000000eab00000, 0x00000000eb900000, 0x0000000100000000)
  eden space 8192K, 0% used [0x00000000eab00000,0x00000000eab00000,0x00000000eb300000)
  from space 2048K, 85% used [0x00000000eb300000,0x00000000eb4b8000,0x00000000eb500000)
  to   space 3072K, 0% used [0x00000000eb600000,0x00000000eb600000,0x00000000eb900000)
 ParOldGen       total 135168K, used 111957K [0x00000000c0000000, 0x00000000c8400000, 0x00000000eab00000)
  object space 135168K, 82% used [0x00000000c0000000,0x00000000c6d55730,0x00000000c8400000)
 Metaspace       used 72758K, capacity 76275K, committed 76632K, reserved 1118208K
  class space    used 6678K, capacity 7904K, committed 8024K, reserved 1048576K
}
Event: 4355,781 GC heap before
{Heap before GC invocations=3661 (full 124):
 PSYoungGen      total 10240K, used 9952K [0x00000000eab00000, 0x00000000eb900000, 0x0000000100000000)
  eden space 8192K, 100% used [0x00000000eab00000,0x00000000eb300000,0x00000000eb300000)
  from space 2048K, 85% used [0x00000000eb300000,0x00000000eb4b8000,0x00000000eb500000)
  to   space 3072K, 0% used [0x00000000eb600000,0x00000000eb600000,0x00000000eb900000)
 ParOldGen       total 135168K, used 111957K [0x00000000c0000000, 0x00000000c8400000, 0x00000000eab00000)
  object space 135168K, 82% used [0x00000000c0000000,0x00000000c6d55730,0x00000000c8400000)
 Metaspace       used 72758K, capacity 76275K, committed 76632K, reserved 1118208K
  class space    used 6678K, capacity 7904K, committed 8024K, reserved 1048576K
}
Event: 4355,788 GC heap after
{Heap after GC invocations=3661 (full 124):
 PSYoungGen      total 9216K, used 960K [0x00000000eab00000, 0x00000000eb700000, 0x0000000100000000)
  eden space 8192K, 0% used [0x00000000eab00000,0x00000000eab00000,0x00000000eb300000)
  from space 1024K, 93% used [0x00000000eb600000,0x00000000eb6f0000,0x00000000eb700000)
  to   space 1536K, 0% used [0x00000000eb400000,0x00000000eb400000,0x00000000eb580000)
 ParOldGen       total 135168K, used 113685K [0x00000000c0000000, 0x00000000c8400000, 0x00000000eab00000)
  object space 135168K, 84% used [0x00000000c0000000,0x00000000c6f054b8,0x00000000c8400000)
 Metaspace       used 72758K, capacity 76275K, committed 76632K, reserved 1118208K
  class space    used 6678K, capacity 7904K, committed 8024K, reserved 1048576K
}
Event: 4357,497 GC heap before
{Heap before GC invocations=3662 (full 124):
 PSYoungGen      total 9216K, used 9152K [0x00000000eab00000, 0x00000000eb700000, 0x0000000100000000)
  eden space 8192K, 100% used [0x00000000eab00000,0x00000000eb300000,0x00000000eb300000)
  from space 1024K, 93% used [0x00000000eb600000,0x00000000eb6f0000,0x00000000eb700000)
  to   space 1536K, 0% used [0x00000000eb400000,0x00000000eb400000,0x00000000eb580000)
 ParOldGen       total 135168K, used 113685K [0x00000000c0000000, 0x00000000c8400000, 0x00000000eab00000)
  object space 135168K, 84% used [0x00000000c0000000,0x00000000c6f054b8,0x00000000c8400000)
 Metaspace       used 72763K, capacity 76275K, committed 76632K, reserved 1118208K
  class space    used 6678K, capacity 7904K, committed 8024K, reserved 1048576K
}
Event: 4357,504 GC heap after
{Heap after GC invocations=3662 (full 124):
 PSYoungGen      total 9216K, used 1024K [0x00000000eab00000, 0x00000000eb680000, 0x0000000100000000)
  eden space 8192K, 0% used [0x00000000eab00000,0x00000000eab00000,0x00000000eb300000)
  from space 1024K, 100% used [0x00000000eb400000,0x00000000eb500000,0x00000000eb500000)
  to   space 1536K, 0% used [0x00000000eb500000,0x00000000eb500000,0x00000000eb680000)
 ParOldGen       total 135168K, used 114622K [0x00000000c0000000, 0x00000000c8400000, 0x00000000eab00000)
  object space 135168K, 84% used [0x00000000c0000000,0x00000000c6fefa40,0x00000000c8400000)
 Metaspace       used 72763K, capacity 76275K, committed 76632K, reserved 1118208K
  class space    used 6678K, capacity 7904K, committed 8024K, reserved 1048576K
}
Event: 4358,199 GC heap before
{Heap before GC invocations=3663 (full 124):
 PSYoungGen      total 9216K, used 9216K [0x00000000eab00000, 0x00000000eb680000, 0x0000000100000000)
  eden space 8192K, 100% used [0x00000000eab00000,0x00000000eb300000,0x00000000eb300000)
  from space 1024K, 100% used [0x00000000eb400000,0x00000000eb500000,0x00000000eb500000)
  to   space 1536K, 0% used [0x00000000eb500000,0x00000000eb500000,0x00000000eb680000)
 ParOldGen       total 135168K, used 114622K [0x00000000c0000000, 0x00000000c8400000, 0x00000000eab00000)
  object space 135168K, 84% used [0x00000000c0000000,0x00000000c6fefa40,0x00000000c8400000)
 Metaspace       used 72763K, capacity 76275K, committed 76632K, reserved 1118208K
  class space    used 6678K, capacity 7904K, committed 8024K, reserved 1048576K
}
Event: 4358,206 GC heap after
{Heap after GC invocations=3663 (full 124):
 PSYoungGen      total 9216K, used 768K [0x00000000eab00000, 0x00000000eb600000, 0x0000000100000000)
  eden space 8192K, 0% used [0x00000000eab00000,0x00000000eab00000,0x00000000eb300000)
  from space 1024K, 75% used [0x00000000eb500000,0x00000000eb5c0000,0x00000000eb600000)
  to   space 1024K, 0% used [0x00000000eb400000,0x00000000eb400000,0x00000000eb500000)
 ParOldGen       total 135168K, used 114861K [0x00000000c0000000, 0x00000000c8400000, 0x00000000eab00000)
  object space 135168K, 84% used [0x00000000c0000000,0x00000000c702b608,0x00000000c8400000)
 Metaspace       used 72763K, capacity 76275K, committed 76632K, reserved 1118208K
  class space    used 6678K, capacity 7904K, committed 8024K, reserved 1048576K
}
Event: 4360,862 GC heap before
{Heap before GC invocations=3664 (full 124):
 PSYoungGen      total 9216K, used 8960K [0x00000000eab00000, 0x00000000eb600000, 0x0000000100000000)
  eden space 8192K, 100% used [0x00000000eab00000,0x00000000eb300000,0x00000000eb300000)
  from space 1024K, 75% used [0x00000000eb500000,0x00000000eb5c0000,0x00000000eb600000)
  to   space 1024K, 0% used [0x00000000eb400000,0x00000000eb400000,0x00000000eb500000)
 ParOldGen       total 135168K, used 114861K [0x00000000c0000000, 0x00000000c8400000, 0x00000000eab00000)
  object space 135168K, 84% used [0x00000000c0000000,0x00000000c702b608,0x00000000c8400000)
 Metaspace       used 72763K, capacity 76275K, committed 76632K, reserved 1118208K
  class space    used 6678K, capacity 7904K, committed 8024K, reserved 1048576K
}
Event: 4360,875 GC heap after
{Heap after GC invocations=3664 (full 124):
 PSYoungGen      total 9216K, used 1006K [0x00000000eab00000, 0x00000000ebc00000, 0x0000000100000000)
  eden space 8192K, 0% used [0x00000000eab00000,0x00000000eab00000,0x00000000eb300000)
  from space 1024K, 98% used [0x00000000eb400000,0x00000000eb4fbb70,0x00000000eb500000)
  to   space 4608K, 0% used [0x00000000eb780000,0x00000000eb780000,0x00000000ebc00000)
 ParOldGen       total 135168K, used 117740K [0x00000000c0000000, 0x00000000c8400000, 0x00000000eab00000)
  object space 135168K, 87% used [0x00000000c0000000,0x00000000c72fb1e8,0x00000000c8400000)
 Metaspace       used 72763K, capacity 76275K, committed 76632K, reserved 1118208K
  class space    used 6678K, capacity 7904K, committed 8024K, reserved 1048576K
}
Event: 4360,899 GC heap before
{Heap before GC invocations=3665 (full 124):
 PSYoungGen      total 9216K, used 9198K [0x00000000eab00000, 0x00000000ebc00000, 0x0000000100000000)
  eden space 8192K, 100% used [0x00000000eab00000,0x00000000eb300000,0x00000000eb300000)
  from space 1024K, 98% used [0x00000000eb400000,0x00000000eb4fbb70,0x00000000eb500000)
  to   space 4608K, 0% used [0x00000000eb780000,0x00000000eb780000,0x00000000ebc00000)
 ParOldGen       total 135168K, used 117740K [0x00000000c0000000, 0x00000000c8400000, 0x00000000eab00000)
  object space 135168K, 87% used [0x00000000c0000000,0x00000000c72fb1e8,0x00000000c8400000)
 Metaspace       used 72763K, capacity 76275K, committed 76632K, reserved 1118208K
  class space    used 6678K, capacity 7904K, committed 8024K, reserved 1048576K
}
Event: 4360,907 GC heap after
{Heap after GC invocations=3665 (full 124):
 PSYoungGen      total 10752K, used 2304K [0x00000000eab00000, 0x00000000eba00000, 0x0000000100000000)
  eden space 8192K, 0% used [0x00000000eab00000,0x00000000eab00000,0x00000000eb300000)
  from space 2560K, 90% used [0x00000000eb780000,0x00000000eb9c0000,0x00000000eba00000)
  to   space 3072K, 0% used [0x00000000eb400000,0x00000000eb400000,0x00000000eb700000)
 ParOldGen       total 135168K, used 118763K [0x00000000c0000000, 0x00000000c8400000, 0x00000000eab00000)
  object space 135168K, 87% used [0x00000000c0000000,0x00000000c73fad58,0x00000000c8400000)
 Metaspace       used 72763K, capacity 76275K, committed 76632K, reserved 1118208K
  class space    used 6678K, capacity 7904K, committed 8024K, reserved 1048576K
}
Event: 4361,517 GC heap before
{Heap before GC invocations=3666 (full 124):
 PSYoungGen      total 10752K, used 10495K [0x00000000eab00000, 0x00000000eba00000, 0x0000000100000000)
  eden space 8192K, 99% used [0x00000000eab00000,0x00000000eb2fffd0,0x00000000eb300000)
  from space 2560K, 90% used [0x00000000eb780000,0x00000000eb9c0000,0x00000000eba00000)
  to   space 3072K, 0% used [0x00000000eb400000,0x00000000eb400000,0x00000000eb700000)
 ParOldGen       total 135168K, used 118763K [0x00000000c0000000, 0x00000000c8400000, 0x00000000eab00000)
  object space 135168K, 87% used [0x00000000c0000000,0x00000000c73fad58,0x00000000c8400000)
 Metaspace       used 72764K, capacity 76275K, committed 76632K, reserved 1118208K
  class space    used 6678K, capacity 7904K, committed 8024K, reserved 1048576K
}
Event: 4361,525 GC heap after
{Heap after GC invocations=3666 (full 124):
 PSYoungGen      total 9216K, used 544K [0x00000000eab00000, 0x00000000eb800000, 0x0000000100000000)
  eden space 8192K, 0% used [0x00000000eab00000,0x00000000eab00000,0x00000000eb300000)
  from space 1024K, 53% used [0x00000000eb400000,0x00000000eb488020,0x00000000eb500000)
  to   space 1536K, 0% used [0x00000000eb680000,0x00000000eb680000,0x00000000eb800000)
 ParOldGen       total 135168K, used 119363K [0x00000000c0000000, 0x00000000c8400000, 0x00000000eab00000)
  object space 135168K, 88% used [0x00000000c0000000,0x00000000c7490d58,0x00000000c8400000)
 Metaspace       used 72764K, capacity 76275K, committed 76632K, reserved 1118208K
  class space    used 6678K, capacity 7904K, committed 8024K, reserved 1048576K
}
Event: 4362,994 GC heap before
{Heap before GC invocations=3667 (full 124):
 PSYoungGen      total 9216K, used 8736K [0x00000000eab00000, 0x00000000eb800000, 0x0000000100000000)
  eden space 8192K, 100% used [0x00000000eab00000,0x00000000eb300000,0x00000000eb300000)
  from space 1024K, 53% used [0x00000000eb400000,0x00000000eb488020,0x00000000eb500000)
  to   space 1536K, 0% used [0x00000000eb680000,0x00000000eb680000,0x00000000eb800000)
 ParOldGen       total 135168K, used 119363K [0x00000000c0000000, 0x00000000c8400000, 0x00000000eab00000)
  object space 135168K, 88% used [0x00000000c0000000,0x00000000c7490d58,0x00000000c8400000)
 Metaspace       used 72764K, capacity 76275K, committed 76632K, reserved 1118208K
  class space    used 6678K, capacity 7904K, committed 8024K, reserved 1048576K
}
Event: 4363,009 GC heap after
{Heap after GC invocations=3667 (full 124):
 PSYoungGen      total 8192K, used 1534K [0x00000000eab00000, 0x00000000ebd00000, 0x0000000100000000)
  eden space 6656K, 0% used [0x00000000eab00000,0x00000000eab00000,0x00000000eb180000)
  from space 1536K, 99% used [0x00000000eb680000,0x00000000eb7ffb80,0x00000000eb800000)
  to   space 5120K, 0% used [0x00000000eb180000,0x00000000eb180000,0x00000000eb680000)
 ParOldGen       total 135168K, used 121882K [0x00000000c0000000, 0x00000000c8400000, 0x00000000eab00000)
  object space 135168K, 90% used [0x00000000c0000000,0x00000000c77068f8,0x00000000c8400000)
 Metaspace       used 72764K, capacity 76275K, committed 76632K, reserved 1118208K
  class space    used 6678K, capacity 7904K, committed 8024K, reserved 1048576K
}
Event: 4363,055 GC heap before
{Heap before GC invocations=3668 (full 124):
 PSYoungGen      total 8192K, used 8190K [0x00000000eab00000, 0x00000000ebd00000, 0x0000000100000000)
  eden space 6656K, 100% used [0x00000000eab00000,0x00000000eb180000,0x00000000eb180000)
  from space 1536K, 99% used [0x00000000eb680000,0x00000000eb7ffb80,0x00000000eb800000)
  to   space 5120K, 0% used [0x00000000eb180000,0x00000000eb180000,0x00000000eb680000)
 ParOldGen       total 135168K, used 121882K [0x00000000c0000000, 0x00000000c8400000, 0x00000000eab00000)
  object space 135168K, 90% used [0x00000000c0000000,0x00000000c77068f8,0x00000000c8400000)
 Metaspace       used 72764K, capacity 76275K, committed 76632K, reserved 1118208K
  class space    used 6678K, capacity 7904K, committed 8024K, reserved 1048576K
}
Event: 4363,067 GC heap after
{Heap after GC invocations=3668 (full 124):
 PSYoungGen      total 9216K, used 2432K [0x00000000eab00000, 0x00000000eb780000, 0x0000000100000000)
  eden space 6656K, 0% used [0x00000000eab00000,0x00000000eab00000,0x00000000eb180000)
  from space 2560K, 95% used [0x00000000eb180000,0x00000000eb3e0020,0x00000000eb400000)
  to   space 3072K, 0% used [0x00000000eb480000,0x00000000eb480000,0x00000000eb780000)
 ParOldGen       total 135168K, used 123408K [0x00000000c0000000, 0x00000000c8400000, 0x00000000eab00000)
  object space 135168K, 91% used [0x00000000c0000000,0x00000000c7884088,0x00000000c8400000)
 Metaspace       used 72764K, capacity 76275K, committed 76632K, reserved 1118208K
  class space    used 6678K, capacity 7904K, committed 8024K, reserved 1048576K
}
Event: 4363,109 GC heap before
{Heap before GC invocations=3669 (full 124):
 PSYoungGen      total 9216K, used 9088K [0x00000000eab00000, 0x00000000eb780000, 0x0000000100000000)
  eden space 6656K, 100% used [0x00000000eab00000,0x00000000eb180000,0x00000000eb180000)
  from space 2560K, 95% used [0x00000000eb180000,0x00000000eb3e0020,0x00000000eb400000)
  to   space 3072K, 0% used [0x00000000eb480000,0x00000000eb480000,0x00000000eb780000)
 ParOldGen       total 135168K, used 123408K [0x00000000c0000000, 0x00000000c8400000, 0x00000000eab00000)
  object space 135168K, 91% used [0x00000000c0000000,0x00000000c7884088,0x00000000c8400000)
 Metaspace       used 72764K, capacity 76275K, committed 76632K, reserved 1118208K
  class space    used 6678K, capacity 7904K, committed 8024K, reserved 1048576K
}
Event: 4363,118 GC heap after
{Heap after GC invocations=3669 (full 124):
 PSYoungGen      total 7168K, used 192K [0x00000000eab00000, 0x00000000eb500000, 0x0000000100000000)
  eden space 6656K, 0% used [0x00000000eab00000,0x00000000eab00000,0x00000000eb180000)
  from space 512K, 37% used [0x00000000eb480000,0x00000000eb4b0000,0x00000000eb500000)
  to   space 1536K, 0% used [0x00000000eb200000,0x00000000eb200000,0x00000000eb380000)
 ParOldGen       total 135168K, used 124784K [0x00000000c0000000, 0x00000000c8400000, 0x00000000eab00000)
  object space 135168K, 92% used [0x00000000c0000000,0x00000000c79dc0e8,0x00000000c8400000)
 Metaspace       used 72764K, capacity 76275K, committed 76632K, reserved 1118208K
  class space    used 6678K, capacity 7904K, committed 8024K, reserved 1048576K
}

